<?xml version="1.0" encoding="UTF-8"?>
<!-- Generated by org.testng.reporters.JUnitReportReporter -->
<testsuite hostname="Kieu-Nguyen" failures="0" tests="1" name="testCases.TC_001_AccountRegistrationTest" time="8.326" errors="0" timestamp="2024-08-01T21:51:57 EDT" skipped="0">
  <testcase classname="testCases.TC_001_AccountRegistrationTest" name="verify_account_registration" time="8.326"/>
</testsuite> <!-- testCases.TC_001_AccountRegistrationTest -->
