<?xml version="1.0" encoding="UTF-8"?>
<!-- Generated by org.testng.reporters.JUnitReportReporter -->
<testsuite hostname="Kieu-Nguyen" failures="0" tests="1" name="testCases.TC001_AccountRegistrationTest" time="1.921" errors="0" timestamp="2024-08-11T22:17:25 EDT" skipped="0">
  <testcase classname="testCases.TC001_AccountRegistrationTest" name="verify_account_registration" time="1.921"/>
</testsuite> <!-- testCases.TC001_AccountRegistrationTest -->
