<?xml version="1.0" encoding="UTF-8"?>
<!-- Generated by org.testng.reporters.JUnitReportReporter -->
<testsuite hostname="Kieu-Nguyen" failures="0" tests="1" name="testCases.TC002_LoginTest" time="1.472" errors="0" timestamp="2024-08-11T22:17:25 EDT" skipped="0">
  <testcase classname="testCases.TC002_LoginTest" name="verify_login" time="1.472"/>
</testsuite> <!-- testCases.TC002_LoginTest -->
